ParseStarterProject/build/outputs/logs/manifest-merger-debug-report.txt
-- Merging decision tree log ---
manifest
ADDED from src\main\AndroidManifest.xml:9:1-92:12
	xmlns:android
		ADDED from src\main\AndroidManifest.xml:9:11-69
	package
		ADDED from src\main\AndroidManifest.xml:10:5-32
		INJECTED from src\main\AndroidManifest.xml
		INJECTED from src\main\AndroidManifest.xml
	android:versionName
		INJECTED from src\main\AndroidManifest.xml
		INJECTED from src\main\AndroidManifest.xml
	android:versionCode
		INJECTED from src\main\AndroidManifest.xml
		INJECTED from src\main\AndroidManifest.xml
uses-permission#android.permission.INTERNET
ADDED from src\main\AndroidManifest.xml:12:5-67
	android:name
		ADDED from src\main\AndroidManifest.xml:12:22-64
uses-permission#android.permission.ACCESS_NETWORK_STATE
ADDED from src\main\AndroidManifest.xml:13:5-79
	android:name
		ADDED from src\main\AndroidManifest.xml:13:22-76
application
ADDED from src\main\AndroidManifest.xml:15:5-90:19
MERGED from [com.android.support:appcompat-v7:22.2.1] AndroidManifest.xml:22:5-20
MERGED from [com.android.support:support-v4:22.2.1] AndroidManifest.xml:22:5-20
MERGED from [com.android.support:design:22.2.1] AndroidManifest.xml:22:5-20
MERGED from [com.android.support:appcompat-v7:22.2.1] AndroidManifest.xml:22:5-20
MERGED from [com.android.support:support-v4:22.2.1] AndroidManifest.xml:22:5-20
MERGED from [com.android.support:support-v4:22.2.1] AndroidManifest.xml:22:5-20
	android:label
		ADDED from src\main\AndroidManifest.xml:19:9-41
	android:allowBackup
		ADDED from src\main\AndroidManifest.xml:17:9-35
	android:icon
		ADDED from src\main\AndroidManifest.xml:18:9-43
	android:theme
		ADDED from src\main\AndroidManifest.xml:20:9-40
	android:name
		ADDED from src\main\AndroidManifest.xml:16:9-43
meta-data#com.parse.APPLICATION_ID
ADDED from src\main\AndroidManifest.xml:21:9-23:52
	android:name
		ADDED from src\main\AndroidManifest.xml:22:13-52
	android:value
		ADDED from src\main\AndroidManifest.xml:23:13-49
meta-data#com.parse.CLIENT_KEY
ADDED from src\main\AndroidManifest.xml:24:9-26:56
	android:name
		ADDED from src\main\AndroidManifest.xml:25:13-48
	android:value
		ADDED from src\main\AndroidManifest.xml:26:13-53
activity#com.parse.starter.MainActivity
ADDED from src\main\AndroidManifest.xml:28:9-36:20
	android:label
		ADDED from src\main\AndroidManifest.xml:30:13-45
	android:name
		ADDED from src\main\AndroidManifest.xml:29:13-41
intent-filter#android.intent.action.MAIN+android.intent.category.LAUNCHER
ADDED from src\main\AndroidManifest.xml:31:13-35:29
action#android.intent.action.MAIN
ADDED from src\main\AndroidManifest.xml:32:17-69
	android:name
		ADDED from src\main\AndroidManifest.xml:32:25-66
category#android.intent.category.LAUNCHER
ADDED from src\main\AndroidManifest.xml:34:17-77
	android:name
		ADDED from src\main\AndroidManifest.xml:34:27-74
activity#com.parser.starter.UserList
ADDED from src\main\AndroidManifest.xml:37:9-40:59
	android:label
		ADDED from src\main\AndroidManifest.xml:39:13-61
	android:theme
		ADDED from src\main\AndroidManifest.xml:40:13-56
	android:name
		ADDED from src\main\AndroidManifest.xml:38:13-55
activity#com.parse.starter.UserList
ADDED from src\main\AndroidManifest.xml:41:9-44:59
	android:label
		ADDED from src\main\AndroidManifest.xml:43:13-61
	android:theme
		ADDED from src\main\AndroidManifest.xml:44:13-56
	android:name
		ADDED from src\main\AndroidManifest.xml:42:13-37
activity#com.parse.starter.ViewMessage
ADDED from src\main\AndroidManifest.xml:45:9-53:20
	android:label
		ADDED from src\main\AndroidManifest.xml:47:13-64
	android:theme
		ADDED from src\main\AndroidManifest.xml:49:13-56
	android:parentActivityName
		ADDED from src\main\AndroidManifest.xml:48:13-51
	android:name
		ADDED from src\main\AndroidManifest.xml:46:13-40
meta-data#android.support.PARENT_ACTIVITY
ADDED from src\main\AndroidManifest.xml:50:13-52:62
	android:name
		ADDED from src\main\AndroidManifest.xml:51:17-63
	android:value
		ADDED from src\main\AndroidManifest.xml:52:17-59
activity#com.parse.starter.YourMessages
ADDED from src\main\AndroidManifest.xml:54:9-62:20
	android:label
		ADDED from src\main\AndroidManifest.xml:56:13-65
	android:theme
		ADDED from src\main\AndroidManifest.xml:58:13-56
	android:parentActivityName
		ADDED from src\main\AndroidManifest.xml:57:13-51
	android:name
		ADDED from src\main\AndroidManifest.xml:55:13-41
activity#com.parse.starter.YourFullMessage
ADDED from src\main\AndroidManifest.xml:63:9-71:20
	android:label
		ADDED from src\main\AndroidManifest.xml:65:13-69
	android:theme
		ADDED from src\main\AndroidManifest.xml:67:13-56
	android:parentActivityName
		ADDED from src\main\AndroidManifest.xml:66:13-55
	android:name
		ADDED from src\main\AndroidManifest.xml:64:13-44
activity#com.parse.starter.SubUserList
ADDED from src\main\AndroidManifest.xml:72:9-80:20
	android:label
		ADDED from src\main\AndroidManifest.xml:74:13-65
	android:theme
		ADDED from src\main\AndroidManifest.xml:76:13-56
	android:parentActivityName
		ADDED from src\main\AndroidManifest.xml:75:13-51
	android:name
		ADDED from src\main\AndroidManifest.xml:73:13-40
activity#com.parse.starter.ViewSecretMessages
ADDED from src\main\AndroidManifest.xml:81:9-89:20
	android:label
		ADDED from src\main\AndroidManifest.xml:83:13-72
	android:theme
		ADDED from src\main\AndroidManifest.xml:85:13-56
	android:parentActivityName
		ADDED from src\main\AndroidManifest.xml:84:13-51
	android:name
		ADDED from src\main\AndroidManifest.xml:82:13-47
uses-sdk
INJECTED from src\main\AndroidManifest.xml reason: use-sdk injection requested
MERGED from [com.android.support:appcompat-v7:22.2.1] AndroidManifest.xml:20:5-43
MERGED from [com.android.support:support-v4:22.2.1] AndroidManifest.xml:20:5-43
MERGED from [com.android.support:design:22.2.1] AndroidManifest.xml:20:5-43
MERGED from [com.android.support:appcompat-v7:22.2.1] AndroidManifest.xml:20:5-43
MERGED from [com.android.support:support-v4:22.2.1] AndroidManifest.xml:20:5-43
MERGED from [com.android.support:support-v4:22.2.1] AndroidManifest.xml:20:5-43
	android:targetSdkVersion
		INJECTED from src\main\AndroidManifest.xml
		INJECTED from src\main\AndroidManifest.xml
	android:minSdkVersion
		INJECTED from src\main\AndroidManifest.xml
		INJECTED from src\main\AndroidManifest.xml